#
# A fatal error has been detected by the Java Runtime Environment:
#
#  SIGBUS (0xa) at pc=0x00007f81c18564b0, pid=9327, tid=0x0000000000004d03
#
# JRE version: Java(TM) SE Runtime Environment (8.0_144-b01) (build 1.8.0_144-b01)
# Java VM: Java HotSpot(TM) 64-Bit Server VM (25.144-b01 mixed mode bsd-amd64 compressed oops)
# Problematic frame:
# C  0x00007f81c18564b0
#
# Failed to write core dump. Core dumps have been disabled. To enable core dumping, try "ulimit -c unlimited" before starting Java again
#
# If you would like to submit a bug report, please visit:
#   http://bugreport.java.com/bugreport/crash.jsp
# The crash happened outside the Java Virtual Machine in native code.
# See problematic frame for where to report the bug.
#

---------------  T H R E A D  ---------------

Current thread (0x00007f81c11df000):  JavaThread "QuantumRenderer-0" daemon [_thread_in_native, id=19715, stack(0x0000700007b6c000,0x0000700007c6c000)]

siginfo: si_signo: 10 (SIGBUS), si_code: 2 (BUS_ADRERR), si_addr: 0x00007f81c18564b0

Registers:
RAX=0x0000000000001f02, RBX=0x0000000105631500, RCX=0x00007f81c1854000, RDX=0x00007f81c18564b0
RSP=0x0000700007c6aed8, RBP=0x0000700007c6af30, RSI=0x0000000000001f02, RDI=0x000000010aef51e0
R8 =0x00007f81c040b9b0, R9 =0x0000000000000000, R10=0x0000000000000019, R11=0x00007fffaadadc21
R12=0x00007f81c0451b00, R13=0x0000000000000000, R14=0x00007f81c0737700, R15=0x00007f81c07367c0
RIP=0x00007f81c18564b0, EFLAGS=0x0000000000010206, ERR=0x0000000000000015
  TRAPNO=0x000000000000000e

Top of Stack: (sp=0x0000700007c6aed8)
0x0000700007c6aed8:   000000010c6ec0c9 00007f81c11df000
0x0000700007c6aee8:   000000010b0c8058 00007f81c11df000
0x0000700007c6aef8:   000000010b0c8058 b98564dc38c00003
0x0000700007c6af08:   000000010b0c8058 0000000000000000
0x0000700007c6af18:   000000010b0c8058 0000700007c6afb0
0x0000700007c6af28:   00007f81c11df000 0000700007c6af90
0x0000700007c6af38:   000000010caf59f4 000000010cb019a3
0x0000700007c6af48:   000000010caf5742 0000700007c6af50
0x0000700007c6af58:   000000010b0c8058 0000700007c6afb0
0x0000700007c6af68:   000000010b0d2ea8 0000000000000000
0x0000700007c6af78:   000000010b0c8058 0000000000000000
0x0000700007c6af88:   0000700007c6afb0 0000700007c6b000
0x0000700007c6af98:   000000010cae5dd0 0000000795adc788
0x0000700007c6afa8:   000000010caef537 0000000795af1170
0x0000700007c6afb8:   0000000795aef610 0000700007c6afc0
0x0000700007c6afc8:   000000010b0c8761 0000700007c6b028
0x0000700007c6afd8:   000000010b0d2ea8 0000000000000000
0x0000700007c6afe8:   000000010b0c8790 0000700007c6afb0
0x0000700007c6aff8:   0000700007c6b018 0000700007c6b070
0x0000700007c6b008:   000000010cae5a90 0000000795af1170
0x0000700007c6b018:   0000000795ac2bc8 00000007959e5510
0x0000700007c6b028:   0000000795aef610 0000700007c6b030
0x0000700007c6b038:   000000010b0baff1 0000700007c6b078
0x0000700007c6b048:   000000010b0bc980 0000000000000000
0x0000700007c6b058:   000000010b0bb058 0000700007c6b018
0x0000700007c6b068:   0000700007c6b080 0000700007c6b0e0
0x0000700007c6b078:   000000010cade7a7 0000000100001fa0
0x0000700007c6b088:   000000000000000a 00007f81c11df000
0x0000700007c6b098:   0000000000000000 000000010cade71f
0x0000700007c6b0a8:   000000010b0bb058 0000700007c6b178
0x0000700007c6b0b8:   0000700007c6b2b0 00007f810000000a
0x0000700007c6b0c8:   000000010b0bb058 000000010caf0c80 

Instructions: (pc=0x00007f81c18564b0)
0x00007f81c1856490:   00 00 00 00 00 00 00 00 00 00 00 00 00 00 00 00
0x00007f81c18564a0:   00 00 00 00 00 00 00 00 00 00 00 00 00 00 00 00
0x00007f81c18564b0:   00 00 00 00 00 00 00 00 00 00 00 00 00 00 00 00
0x00007f81c18564c0:   00 00 00 00 00 00 00 00 00 00 00 00 00 00 00 00 

Register to memory mapping:

RAX=0x0000000000001f02 is an unknown value
RBX=0x0000000105631500: jni_NativeInterface+0 in /Library/Java/JavaVirtualMachines/jdk1.8.0_144.jdk/Contents/Home/jre/lib/server/libjvm.dylib at 0x0000000104e00000
RCX=0x00007f81c1854000 is an unknown value
RDX=0x00007f81c18564b0 is an unknown value
RSP=0x0000700007c6aed8 is pointing into the stack for thread: 0x00007f81c11df000
RBP=0x0000700007c6af30 is pointing into the stack for thread: 0x00007f81c11df000
RSI=0x0000000000001f02 is an unknown value
RDI=0x000000010aef51e0 is pointing into metadata
R8 =0x00007f81c040b9b0 is an unknown value
R9 =0x0000000000000000 is an unknown value
R10=0x0000000000000019 is an unknown value
R11=0x00007fffaadadc21: glGetString+0 in /System/Library/Frameworks/OpenGL.framework/Versions/A/Libraries/libGL.dylib at 0x00007fffaadac000
R12=0x00007f81c0451b00 is an unknown value
R13=0x0000000000000000 is an unknown value
R14=0x00007f81c0737700 is an unknown value
R15=0x00007f81c07367c0 is an unknown value


Stack: [0x0000700007b6c000,0x0000700007c6c000],  sp=0x0000700007c6aed8,  free space=1019k
Native frames: (J=compiled Java code, j=interpreted, Vv=VM code, C=native code)
C  0x00007f81c18564b0
j  com.sun.prism.es2.MacGLFactory.nInitialize([I)J+0
j  com.sun.prism.es2.MacGLFactory.initialize(Ljava/lang/Class;Lcom/sun/prism/es2/GLPixelFormat$Attributes;)Z+73
j  com.sun.prism.es2.ES2Pipeline.<clinit>()V+49
v  ~StubRoutines::call_stub
V  [libjvm.dylib+0x2ee70a]
V  [libjvm.dylib+0x2c12c1]
V  [libjvm.dylib+0x2c2925]
V  [libjvm.dylib+0x2c2bbb]
V  [libjvm.dylib+0x346c23]
V  [libjvm.dylib+0x351132]
C  [libjava.dylib+0x209d]  Java_java_lang_Class_forName0+0x13f
j  java.lang.Class.forName0(Ljava/lang/String;ZLjava/lang/ClassLoader;Ljava/lang/Class;)Ljava/lang/Class;+0
j  java.lang.Class.forName(Ljava/lang/String;)Ljava/lang/Class;+11
j  com.sun.prism.GraphicsPipeline.createPipeline()Lcom/sun/prism/GraphicsPipeline;+232
j  com.sun.javafx.tk.quantum.QuantumRenderer$PipelineRunnable.init()V+0
j  com.sun.javafx.tk.quantum.QuantumRenderer$PipelineRunnable.run()V+1
j  java.lang.Thread.run()V+11
v  ~StubRoutines::call_stub
V  [libjvm.dylib+0x2ee70a]
V  [libjvm.dylib+0x2eeeae]
V  [libjvm.dylib+0x2ef05a]
V  [libjvm.dylib+0x3497b1]
V  [libjvm.dylib+0x56c0b3]
V  [libjvm.dylib+0x56d7a0]
V  [libjvm.dylib+0x48baee]
C  [libsystem_pthread.dylib+0x393b]  _pthread_body+0xb4
C  [libsystem_pthread.dylib+0x3887]  _pthread_body+0x0
C  [libsystem_pthread.dylib+0x308d]  thread_start+0xd
C  0x0000000000000000

Java frames: (J=compiled Java code, j=interpreted, Vv=VM code)
j  com.sun.prism.es2.MacGLFactory.nInitialize([I)J+0
j  com.sun.prism.es2.MacGLFactory.initialize(Ljava/lang/Class;Lcom/sun/prism/es2/GLPixelFormat$Attributes;)Z+73
j  com.sun.prism.es2.ES2Pipeline.<clinit>()V+49
v  ~StubRoutines::call_stub
j  java.lang.Class.forName0(Ljava/lang/String;ZLjava/lang/ClassLoader;Ljava/lang/Class;)Ljava/lang/Class;+0
j  java.lang.Class.forName(Ljava/lang/String;)Ljava/lang/Class;+11
j  com.sun.prism.GraphicsPipeline.createPipeline()Lcom/sun/prism/GraphicsPipeline;+232
j  com.sun.javafx.tk.quantum.QuantumRenderer$PipelineRunnable.init()V+0
j  com.sun.javafx.tk.quantum.QuantumRenderer$PipelineRunnable.run()V+1
j  java.lang.Thread.run()V+11
v  ~StubRoutines::call_stub

---------------  P R O C E S S  ---------------

Java Threads: ( => current thread )
=>0x00007f81c11df000 JavaThread "QuantumRenderer-0" daemon [_thread_in_native, id=19715, stack(0x0000700007b6c000,0x0000700007c6c000)]
  0x00007f81c0895000 JavaThread "Service Thread" daemon [_thread_blocked, id=18691, stack(0x0000700007966000,0x0000700007a66000)]
  0x00007f81c1805000 JavaThread "C1 CompilerThread2" daemon [_thread_blocked, id=18179, stack(0x0000700007863000,0x0000700007963000)]
  0x00007f81c086c800 JavaThread "C2 CompilerThread1" daemon [_thread_blocked, id=17667, stack(0x0000700007760000,0x0000700007860000)]
  0x00007f81c0844000 JavaThread "C2 CompilerThread0" daemon [_thread_blocked, id=17155, stack(0x000070000765d000,0x000070000775d000)]
  0x00007f81c2024800 JavaThread "Signal Dispatcher" daemon [_thread_blocked, id=16643, stack(0x000070000755a000,0x000070000765a000)]
  0x00007f81c1820800 JavaThread "Finalizer" daemon [_thread_blocked, id=12547, stack(0x0000700007457000,0x0000700007557000)]
  0x00007f81c2000000 JavaThread "Reference Handler" daemon [_thread_blocked, id=12035, stack(0x0000700007354000,0x0000700007454000)]
  0x00007f81c080d800 JavaThread "main" [_thread_blocked, id=7171, stack(0x0000700006d42000,0x0000700006e42000)]

Other Threads:
  0x00007f81c100f800 VMThread [stack: 0x0000700007251000,0x0000700007351000] [id=11523]
  0x00007f81c2025800 WatcherThread [stack: 0x0000700007a69000,0x0000700007b69000] [id=19203]

VM state:not at safepoint (normal execution)

VM Mutex/Monitor currently owned by a thread: None

Heap:
 PSYoungGen      total 38400K, used 5990K [0x0000000795580000, 0x0000000798000000, 0x00000007c0000000)
  eden space 33280K, 18% used [0x0000000795580000,0x0000000795b59a00,0x0000000797600000)
  from space 5120K, 0% used [0x0000000797b00000,0x0000000797b00000,0x0000000798000000)
  to   space 5120K, 0% used [0x0000000797600000,0x0000000797600000,0x0000000797b00000)
 ParOldGen       total 87552K, used 0K [0x0000000740000000, 0x0000000745580000, 0x0000000795580000)
  object space 87552K, 0% used [0x0000000740000000,0x0000000740000000,0x0000000745580000)
 Metaspace       used 4752K, capacity 5498K, committed 5760K, reserved 1056768K
  class space    used 536K, capacity 630K, committed 640K, reserved 1048576K

Card table byte_map: [0x0000000106167000,0x0000000106568000] byte_map_base: 0x0000000102767000

Marking Bits: (ParMarkBitMap*) 0x00000001056f35d0
 Begin Bits: [0x0000000106813000, 0x0000000108813000)
 End Bits:   [0x0000000108813000, 0x000000010a813000)

Polling page: 0x0000000104460000

CodeCache: size=245760Kb used=1725Kb max_used=1725Kb free=244034Kb
 bounds [0x000000010cade000, 0x000000010cd4e000, 0x000000011bade000]
 total_blobs=618 nmethods=321 adapters=211
 compilation: enabled

Compilation events (10 events):
Event: 0.198 Thread 0x00007f81c1805000  317  s    3       sun.misc.Resource::cachedInputStream (20 bytes)
Event: 0.199 Thread 0x00007f81c1805000 nmethod 317 0x000000010cc8c1d0 code [0x000000010cc8c340, 0x000000010cc8c728]
Event: 0.199 Thread 0x00007f81c1805000  318       3       java.security.CodeSource::getCertificates (98 bytes)
Event: 0.200 Thread 0x00007f81c1805000 nmethod 318 0x000000010cc8c7d0 code [0x000000010cc8ca00, 0x000000010cc8d5f8]
Event: 0.200 Thread 0x00007f81c1805000  319       1       java.util.jar.Manifest::getEntries (5 bytes)
Event: 0.200 Thread 0x00007f81c1805000 nmethod 319 0x000000010cc89850 code [0x000000010cc899a0, 0x000000010cc89ab0]
Event: 0.200 Thread 0x00007f81c1805000  320       1       java.util.jar.Manifest::getMainAttributes (5 bytes)
Event: 0.200 Thread 0x00007f81c1805000 nmethod 320 0x000000010cc89550 code [0x000000010cc896a0, 0x000000010cc897b0]
Event: 0.200 Thread 0x00007f81c1805000  321       1       java.util.jar.JarFile::access$300 (5 bytes)
Event: 0.200 Thread 0x00007f81c1805000 nmethod 321 0x000000010cc8da10 code [0x000000010cc8db60, 0x000000010cc8dc50]

GC Heap History (0 events):
No events

Deoptimization events (0 events):
No events

Internal exceptions (10 events):
Event: 0.081 Thread 0x00007f81c080d800 Exception <a 'java/util/zip/ZipException'> (0x00000007956e5070) thrown at [/Users/java_re/workspace/8-2-build-macosx-x86_64/jdk8u144/9417/hotspot/src/share/vm/prims/jni.cpp, line 709]
Event: 0.081 Thread 0x00007f81c080d800 Exception <a 'java/security/PrivilegedActionException'> (0x00000007956e5278) thrown at [/Users/java_re/workspace/8-2-build-macosx-x86_64/jdk8u144/9417/hotspot/src/share/vm/prims/jvm.cpp, line 1390]
Event: 0.081 Thread 0x00007f81c080d800 Exception <a 'java/security/PrivilegedActionException'> (0x00000007956e5488) thrown at [/Users/java_re/workspace/8-2-build-macosx-x86_64/jdk8u144/9417/hotspot/src/share/vm/prims/jvm.cpp, line 1390]
Event: 0.121 Thread 0x00007f81c080d800 Exception <a 'java/lang/NoSuchFieldError': method resolution failed> (0x00000007957fe348) thrown at [/Users/java_re/workspace/8-2-build-macosx-x86_64/jdk8u144/9417/hotspot/src/share/vm/prims/methodHandles.cpp, line 1146]
Event: 0.123 Thread 0x00007f81c080d800 Exception <a 'java/lang/NoSuchFieldError': method resolution failed> (0x000000079580b6c8) thrown at [/Users/java_re/workspace/8-2-build-macosx-x86_64/jdk8u144/9417/hotspot/src/share/vm/prims/methodHandles.cpp, line 1146]
Event: 0.139 Thread 0x00007f81c080d800 Exception <a 'java/security/PrivilegedActionException'> (0x0000000795898f70) thrown at [/Users/java_re/workspace/8-2-build-macosx-x86_64/jdk8u144/9417/hotspot/src/share/vm/prims/jvm.cpp, line 1390]
Event: 0.139 Thread 0x00007f81c080d800 Exception <a 'java/security/PrivilegedActionException'> (0x0000000795899180) thrown at [/Users/java_re/workspace/8-2-build-macosx-x86_64/jdk8u144/9417/hotspot/src/share/vm/prims/jvm.cpp, line 1390]
Event: 0.139 Thread 0x00007f81c080d800 Exception <a 'java/security/PrivilegedActionException'> (0x000000079589c4b0) thrown at [/Users/java_re/workspace/8-2-build-macosx-x86_64/jdk8u144/9417/hotspot/src/share/vm/prims/jvm.cpp, line 1390]
Event: 0.139 Thread 0x00007f81c080d800 Exception <a 'java/security/PrivilegedActionException'> (0x000000079589c6c0) thrown at [/Users/java_re/workspace/8-2-build-macosx-x86_64/jdk8u144/9417/hotspot/src/share/vm/prims/jvm.cpp, line 1390]
Event: 0.139 Thread 0x00007f81c080d800 Exception <a 'java/lang/NullPointerException'> (0x000000079589e038) thrown at [/Users/java_re/workspace/8-2-build-macosx-x86_64/jdk8u144/9417/hotspot/src/share/vm/interpreter/linkResolver.cpp, line 1197]

Events (10 events):
Event: 0.198 loading class com/sun/prism/es2/GLDrawable
Event: 0.198 loading class com/sun/prism/es2/GLDrawable done
Event: 0.199 loading class com/sun/prism/es2/MacGLDrawable
Event: 0.199 loading class com/sun/prism/es2/MacGLDrawable done
Event: 0.199 loading class com/sun/prism/es2/MacGLPixelFormat
Event: 0.199 loading class com/sun/prism/es2/MacGLPixelFormat done
Event: 0.200 loading class com/sun/prism/es2/GLGPUInfo
Event: 0.200 loading class com/sun/prism/es2/GLGPUInfo done
Event: 4.094 Executing VM operation: EnableBiasedLocking
Event: 4.095 Executing VM operation: EnableBiasedLocking done


Dynamic libraries:
0x0000000031557000 	/System/Library/Frameworks/Cocoa.framework/Versions/A/Cocoa
0x0000000031557000 	/System/Library/Frameworks/Security.framework/Versions/A/Security
0x0000000031557000 	/System/Library/Frameworks/ApplicationServices.framework/Versions/A/ApplicationServices
0x0000000031557000 	/usr/lib/libz.1.dylib
0x0000000031557000 	/usr/lib/libSystem.B.dylib
0x0000000031557000 	/usr/lib/libobjc.A.dylib
0x0000000031557000 	/System/Library/Frameworks/CoreFoundation.framework/Versions/A/CoreFoundation
0x0000000031557000 	/System/Library/Frameworks/Foundation.framework/Versions/C/Foundation
0x0000000031557000 	/System/Library/Frameworks/AppKit.framework/Versions/C/AppKit
0x0000000031557000 	/System/Library/Frameworks/CoreData.framework/Versions/A/CoreData
0x0000000031557000 	/System/Library/PrivateFrameworks/RemoteViewServices.framework/Versions/A/RemoteViewServices
0x0000000031557000 	/System/Library/PrivateFrameworks/UIFoundation.framework/Versions/A/UIFoundation
0x0000000031557000 	/System/Library/PrivateFrameworks/DFRFoundation.framework/Versions/A/DFRFoundation
0x0000000031557000 	/usr/lib/libenergytrace.dylib
0x0000000031557000 	/System/Library/PrivateFrameworks/SkyLight.framework/Versions/A/SkyLight
0x0000000031557000 	/System/Library/Frameworks/CoreGraphics.framework/Versions/A/CoreGraphics
0x0000000031557000 	/usr/lib/libScreenReader.dylib
0x0000000031557000 	/System/Library/Frameworks/Accelerate.framework/Versions/A/Accelerate
0x0000000031557000 	/System/Library/Frameworks/IOSurface.framework/Versions/A/IOSurface
0x0000000031557000 	/System/Library/Frameworks/AudioToolbox.framework/Versions/A/AudioToolbox
0x0000000031557000 	/System/Library/Frameworks/AudioUnit.framework/Versions/A/AudioUnit
0x0000000031557000 	/System/Library/PrivateFrameworks/DataDetectorsCore.framework/Versions/A/DataDetectorsCore
0x0000000031557000 	/System/Library/PrivateFrameworks/DesktopServicesPriv.framework/Versions/A/DesktopServicesPriv
0x0000000031557000 	/System/Library/Frameworks/Carbon.framework/Versions/A/Frameworks/HIToolbox.framework/Versions/A/HIToolbox
0x0000000031557000 	/usr/lib/libicucore.A.dylib
0x0000000031557000 	/System/Library/Frameworks/QuartzCore.framework/Versions/A/QuartzCore
0x0000000031557000 	/System/Library/Frameworks/Carbon.framework/Versions/A/Frameworks/SpeechRecognition.framework/Versions/A/SpeechRecognition
0x0000000031557000 	/usr/lib/libauto.dylib
0x0000000031557000 	/usr/lib/libxml2.2.dylib
0x0000000031557000 	/System/Library/PrivateFrameworks/CoreUI.framework/Versions/A/CoreUI
0x0000000031557000 	/System/Library/Frameworks/CoreAudio.framework/Versions/A/CoreAudio
0x0000000031557000 	/System/Library/Frameworks/DiskArbitration.framework/Versions/A/DiskArbitration
0x0000000031557000 	/usr/lib/liblangid.dylib
0x0000000031557000 	/System/Library/PrivateFrameworks/MultitouchSupport.framework/Versions/A/MultitouchSupport
0x0000000031557000 	/System/Library/Frameworks/IOKit.framework/Versions/A/IOKit
0x0000000031557000 	/usr/lib/libDiagnosticMessagesClient.dylib
0x0000000031557000 	/System/Library/Frameworks/CoreServices.framework/Versions/A/CoreServices
0x0000000031557000 	/System/Library/PrivateFrameworks/PerformanceAnalysis.framework/Versions/A/PerformanceAnalysis
0x0000000031557000 	/System/Library/PrivateFrameworks/GenerationalStorage.framework/Versions/A/GenerationalStorage
0x0000000031557000 	/System/Library/Frameworks/OpenGL.framework/Versions/A/OpenGL
0x0000000031557000 	/System/Library/Frameworks/CoreImage.framework/Versions/A/CoreImage
0x0000000031557000 	/System/Library/Frameworks/CoreText.framework/Versions/A/CoreText
0x0000000031557000 	/System/Library/Frameworks/ImageIO.framework/Versions/A/ImageIO
0x0000000031557000 	/System/Library/PrivateFrameworks/Backup.framework/Versions/A/Backup
0x0000000031557000 	/usr/lib/libarchive.2.dylib
0x0000000031557000 	/System/Library/Frameworks/CFNetwork.framework/Versions/A/CFNetwork
0x0000000031557000 	/System/Library/Frameworks/SystemConfiguration.framework/Versions/A/SystemConfiguration
0x0000000031557000 	/usr/lib/libCRFSuite.dylib
0x0000000031557000 	/usr/lib/libc++.1.dylib
0x0000000031557000 	/usr/lib/libc++abi.dylib
0x0000000031557000 	/usr/lib/system/libcache.dylib
0x0000000031557000 	/usr/lib/system/libcommonCrypto.dylib
0x0000000031557000 	/usr/lib/system/libcompiler_rt.dylib
0x0000000031557000 	/usr/lib/system/libcopyfile.dylib
0x0000000031557000 	/usr/lib/system/libcorecrypto.dylib
0x0000000031557000 	/usr/lib/system/libdispatch.dylib
0x0000000031557000 	/usr/lib/system/libdyld.dylib
0x0000000031557000 	/usr/lib/system/libkeymgr.dylib
0x0000000031557000 	/usr/lib/system/liblaunch.dylib
0x0000000031557000 	/usr/lib/system/libmacho.dylib
0x0000000031557000 	/usr/lib/system/libquarantine.dylib
0x0000000031557000 	/usr/lib/system/libremovefile.dylib
0x0000000031557000 	/usr/lib/system/libsystem_asl.dylib
0x0000000031557000 	/usr/lib/system/libsystem_blocks.dylib
0x0000000031557000 	/usr/lib/system/libsystem_c.dylib
0x0000000031557000 	/usr/lib/system/libsystem_configuration.dylib
0x0000000031557000 	/usr/lib/system/libsystem_coreservices.dylib
0x0000000031557000 	/usr/lib/system/libsystem_coretls.dylib
0x0000000031557000 	/usr/lib/system/libsystem_dnssd.dylib
0x0000000031557000 	/usr/lib/system/libsystem_info.dylib
0x0000000031557000 	/usr/lib/system/libsystem_kernel.dylib
0x0000000031557000 	/usr/lib/system/libsystem_m.dylib
0x0000000031557000 	/usr/lib/system/libsystem_malloc.dylib
0x0000000031557000 	/usr/lib/system/libsystem_network.dylib
0x0000000031557000 	/usr/lib/system/libsystem_networkextension.dylib
0x0000000031557000 	/usr/lib/system/libsystem_notify.dylib
0x0000000031557000 	/usr/lib/system/libsystem_platform.dylib
0x0000000031557000 	/usr/lib/system/libsystem_pthread.dylib
0x0000000031557000 	/usr/lib/system/libsystem_sandbox.dylib
0x0000000031557000 	/usr/lib/system/libsystem_secinit.dylib
0x0000000031557000 	/usr/lib/system/libsystem_symptoms.dylib
0x0000000031557000 	/usr/lib/system/libsystem_trace.dylib
0x0000000031557000 	/usr/lib/system/libunwind.dylib
0x0000000031557000 	/usr/lib/system/libxpc.dylib
0x0000000031557000 	/usr/lib/libbsm.0.dylib
0x0000000031557000 	/usr/lib/system/libkxld.dylib
0x0000000031557000 	/usr/lib/libcoretls.dylib
0x0000000031557000 	/usr/lib/libcoretls_cfhelpers.dylib
0x0000000031557000 	/usr/lib/libOpenScriptingUtil.dylib
0x0000000031557000 	/usr/lib/libpam.2.dylib
0x0000000031557000 	/usr/lib/libsqlite3.dylib
0x0000000031557000 	/usr/lib/libxar.1.dylib
0x0000000031557000 	/usr/lib/libbz2.1.0.dylib
0x0000000031557000 	/usr/lib/liblzma.5.dylib
0x0000000031557000 	/usr/lib/libnetwork.dylib
0x0000000031557000 	/usr/lib/libpcap.A.dylib
0x0000000031557000 	/System/Library/Frameworks/CoreServices.framework/Versions/A/Frameworks/FSEvents.framework/Versions/A/FSEvents
0x0000000031557000 	/System/Library/Frameworks/CoreServices.framework/Versions/A/Frameworks/CarbonCore.framework/Versions/A/CarbonCore
0x0000000031557000 	/System/Library/Frameworks/CoreServices.framework/Versions/A/Frameworks/Metadata.framework/Versions/A/Metadata
0x0000000031557000 	/System/Library/Frameworks/CoreServices.framework/Versions/A/Frameworks/OSServices.framework/Versions/A/OSServices
0x0000000031557000 	/System/Library/Frameworks/CoreServices.framework/Versions/A/Frameworks/SearchKit.framework/Versions/A/SearchKit
0x0000000031557000 	/System/Library/Frameworks/CoreServices.framework/Versions/A/Frameworks/AE.framework/Versions/A/AE
0x0000000031557000 	/System/Library/Frameworks/CoreServices.framework/Versions/A/Frameworks/LaunchServices.framework/Versions/A/LaunchServices
0x0000000031557000 	/System/Library/Frameworks/CoreServices.framework/Versions/A/Frameworks/DictionaryServices.framework/Versions/A/DictionaryServices
0x0000000031557000 	/System/Library/Frameworks/CoreServices.framework/Versions/A/Frameworks/SharedFileList.framework/Versions/A/SharedFileList
0x0000000031557000 	/System/Library/Frameworks/NetFS.framework/Versions/A/NetFS
0x0000000031557000 	/System/Library/PrivateFrameworks/NetAuth.framework/Versions/A/NetAuth
0x0000000031557000 	/System/Library/PrivateFrameworks/login.framework/Versions/A/Frameworks/loginsupport.framework/Versions/A/loginsupport
0x0000000031557000 	/System/Library/PrivateFrameworks/TCC.framework/Versions/A/TCC
0x0000000031557000 	/usr/lib/libmecabra.dylib
0x0000000031557000 	/System/Library/Frameworks/ApplicationServices.framework/Versions/A/Frameworks/ATS.framework/Versions/A/ATS
0x0000000031557000 	/System/Library/Frameworks/ApplicationServices.framework/Versions/A/Frameworks/ColorSync.framework/Versions/A/ColorSync
0x0000000031557000 	/System/Library/Frameworks/ApplicationServices.framework/Versions/A/Frameworks/HIServices.framework/Versions/A/HIServices
0x0000000031557000 	/System/Library/Frameworks/ApplicationServices.framework/Versions/A/Frameworks/LangAnalysis.framework/Versions/A/LangAnalysis
0x0000000031557000 	/System/Library/Frameworks/ApplicationServices.framework/Versions/A/Frameworks/PrintCore.framework/Versions/A/PrintCore
0x0000000031557000 	/System/Library/Frameworks/ApplicationServices.framework/Versions/A/Frameworks/QD.framework/Versions/A/QD
0x0000000031557000 	/System/Library/Frameworks/ApplicationServices.framework/Versions/A/Frameworks/SpeechSynthesis.framework/Versions/A/SpeechSynthesis
0x0000000031557000 	/System/Library/Frameworks/Accelerate.framework/Versions/A/Frameworks/vImage.framework/Versions/A/vImage
0x0000000031557000 	/System/Library/Frameworks/Accelerate.framework/Versions/A/Frameworks/vecLib.framework/Versions/A/vecLib
0x0000000031557000 	/System/Library/Frameworks/Accelerate.framework/Versions/A/Frameworks/vecLib.framework/Versions/A/libvDSP.dylib
0x0000000031557000 	/System/Library/Frameworks/Accelerate.framework/Versions/A/Frameworks/vecLib.framework/Versions/A/libBNNS.dylib
0x0000000031557000 	/System/Library/Frameworks/Accelerate.framework/Versions/A/Frameworks/vecLib.framework/Versions/A/libQuadrature.dylib
0x0000000031557000 	/System/Library/Frameworks/Accelerate.framework/Versions/A/Frameworks/vecLib.framework/Versions/A/libvMisc.dylib
0x0000000031557000 	/System/Library/Frameworks/Accelerate.framework/Versions/A/Frameworks/vecLib.framework/Versions/A/libLAPACK.dylib
0x0000000031557000 	/System/Library/Frameworks/Accelerate.framework/Versions/A/Frameworks/vecLib.framework/Versions/A/libBLAS.dylib
0x0000000031557000 	/System/Library/Frameworks/Accelerate.framework/Versions/A/Frameworks/vecLib.framework/Versions/A/libLinearAlgebra.dylib
0x0000000031557000 	/System/Library/Frameworks/Accelerate.framework/Versions/A/Frameworks/vecLib.framework/Versions/A/libSparseBLAS.dylib
0x0000000031557000 	/System/Library/Frameworks/ApplicationServices.framework/Versions/A/Frameworks/ATS.framework/Versions/A/Resources/libFontParser.dylib
0x0000000031557000 	/System/Library/Frameworks/ApplicationServices.framework/Versions/A/Frameworks/ATS.framework/Versions/A/Resources/libFontRegistry.dylib
0x0000000031557000 	/System/Library/Frameworks/ImageIO.framework/Versions/A/Resources/libJPEG.dylib
0x0000000031557000 	/System/Library/Frameworks/ImageIO.framework/Versions/A/Resources/libTIFF.dylib
0x0000000031557000 	/System/Library/Frameworks/ImageIO.framework/Versions/A/Resources/libPng.dylib
0x0000000031557000 	/System/Library/Frameworks/ImageIO.framework/Versions/A/Resources/libGIF.dylib
0x0000000031557000 	/System/Library/Frameworks/ImageIO.framework/Versions/A/Resources/libJP2.dylib
0x0000000031557000 	/System/Library/Frameworks/ImageIO.framework/Versions/A/Resources/libRadiance.dylib
0x0000000031557000 	/usr/lib/libcompression.dylib
0x0000000031557000 	/System/Library/PrivateFrameworks/AppleJPEG.framework/Versions/A/AppleJPEG
0x0000000031557000 	/usr/lib/libcups.2.dylib
0x0000000031557000 	/System/Library/Frameworks/Kerberos.framework/Versions/A/Kerberos
0x0000000031557000 	/System/Library/Frameworks/GSS.framework/Versions/A/GSS
0x0000000031557000 	/usr/lib/libresolv.9.dylib
0x0000000031557000 	/usr/lib/libiconv.2.dylib
0x0000000031557000 	/System/Library/PrivateFrameworks/Heimdal.framework/Versions/A/Heimdal
0x0000000031557000 	/usr/lib/libheimdal-asn1.dylib
0x0000000031557000 	/System/Library/Frameworks/OpenDirectory.framework/Versions/A/OpenDirectory
0x0000000031557000 	/System/Library/PrivateFrameworks/CommonAuth.framework/Versions/A/CommonAuth
0x0000000031557000 	/System/Library/Frameworks/OpenDirectory.framework/Versions/A/Frameworks/CFOpenDirectory.framework/Versions/A/CFOpenDirectory
0x0000000031557000 	/System/Library/Frameworks/SecurityFoundation.framework/Versions/A/SecurityFoundation
0x0000000031557000 	/System/Library/PrivateFrameworks/LanguageModeling.framework/Versions/A/LanguageModeling
0x0000000031557000 	/usr/lib/libmarisa.dylib
0x0000000031557000 	/usr/lib/libChineseTokenizer.dylib
0x0000000031557000 	/usr/lib/libcmph.dylib
0x0000000031557000 	/System/Library/PrivateFrameworks/CoreEmoji.framework/Versions/A/CoreEmoji
0x0000000031557000 	/System/Library/Frameworks/ServiceManagement.framework/Versions/A/ServiceManagement
0x0000000031557000 	/usr/lib/libxslt.1.dylib
0x0000000031557000 	/System/Library/Frameworks/Carbon.framework/Versions/A/Frameworks/Ink.framework/Versions/A/Ink
0x0000000031557000 	/System/Library/PrivateFrameworks/TextureIO.framework/Versions/A/TextureIO
0x0000000031557000 	/System/Library/Frameworks/Metal.framework/Versions/A/Metal
0x0000000031557000 	/usr/lib/libate.dylib
0x0000000031557000 	/System/Library/PrivateFrameworks/GPUCompiler.framework/libmetal_timestamp.dylib
0x0000000031557000 	/System/Library/Frameworks/OpenGL.framework/Versions/A/Libraries/libCoreFSCache.dylib
0x0000000031557000 	/System/Library/PrivateFrameworks/IOAccelerator.framework/Versions/A/IOAccelerator
0x0000000031557000 	/System/Library/Frameworks/CoreVideo.framework/Versions/A/CoreVideo
0x0000000031557000 	/usr/lib/libFosl_dynamic.dylib
0x0000000031557000 	/System/Library/PrivateFrameworks/MetalPerformanceShaders.framework/Versions/A/MetalPerformanceShaders
0x0000000031557000 	/System/Library/PrivateFrameworks/FaceCore.framework/Versions/A/FaceCore
0x0000000031557000 	/System/Library/Frameworks/OpenCL.framework/Versions/A/OpenCL
0x0000000031557000 	/System/Library/Frameworks/OpenGL.framework/Versions/A/Libraries/libGLU.dylib
0x0000000031557000 	/System/Library/Frameworks/OpenGL.framework/Versions/A/Libraries/libGFXShared.dylib
0x0000000031557000 	/System/Library/Frameworks/OpenGL.framework/Versions/A/Libraries/libGL.dylib
0x0000000031557000 	/System/Library/Frameworks/OpenGL.framework/Versions/A/Libraries/libGLImage.dylib
0x0000000031557000 	/System/Library/Frameworks/OpenGL.framework/Versions/A/Libraries/libCVMSPluginSupport.dylib
0x0000000031557000 	/System/Library/Frameworks/OpenGL.framework/Versions/A/Libraries/libCoreVMClient.dylib
0x0000000031557000 	/System/Library/PrivateFrameworks/CrashReporterSupport.framework/Versions/A/CrashReporterSupport
0x0000000031557000 	/System/Library/PrivateFrameworks/Sharing.framework/Versions/A/Sharing
0x0000000031557000 	/System/Library/PrivateFrameworks/IconServices.framework/Versions/A/IconServices
0x0000000031557000 	/System/Library/PrivateFrameworks/ProtocolBuffer.framework/Versions/A/ProtocolBuffer
0x0000000031557000 	/System/Library/PrivateFrameworks/Apple80211.framework/Versions/A/Apple80211
0x0000000031557000 	/System/Library/Frameworks/CoreWLAN.framework/Versions/A/CoreWLAN
0x0000000031557000 	/System/Library/PrivateFrameworks/CoreUtils.framework/Versions/A/CoreUtils
0x0000000031557000 	/System/Library/Frameworks/IOBluetooth.framework/Versions/A/IOBluetooth
0x0000000031557000 	/System/Library/PrivateFrameworks/CoreWiFi.framework/Versions/A/CoreWiFi
0x0000000031557000 	/System/Library/Frameworks/CoreBluetooth.framework/Versions/A/CoreBluetooth
0x0000000031557000 	/System/Library/Frameworks/CoreDisplay.framework/Versions/A/CoreDisplay
0x0000000031557000 	/System/Library/PrivateFrameworks/IOPresentment.framework/Versions/A/IOPresentment
0x0000000031557000 	/System/Library/PrivateFrameworks/DSExternalDisplay.framework/Versions/A/DSExternalDisplay
0x0000000031557000 	/System/Library/PrivateFrameworks/DebugSymbols.framework/Versions/A/DebugSymbols
0x0000000031557000 	/System/Library/PrivateFrameworks/CoreSymbolication.framework/Versions/A/CoreSymbolication
0x0000000031557000 	/System/Library/PrivateFrameworks/Symbolication.framework/Versions/A/Symbolication
0x0000000031557000 	/System/Library/PrivateFrameworks/AppleFSCompression.framework/Versions/A/AppleFSCompression
0x0000000031557000 	/System/Library/PrivateFrameworks/SpeechRecognitionCore.framework/Versions/A/SpeechRecognitionCore
0x0000000031557000 	/System/Library/PrivateFrameworks/ChunkingLibrary.framework/Versions/A/ChunkingLibrary
0x0000000104e00000 	/Library/Java/JavaVirtualMachines/jdk1.8.0_144.jdk/Contents/Home/jre/lib/server/libjvm.dylib
0x0000000031557000 	/usr/lib/libstdc++.6.dylib
0x000000010441d000 	/Library/Java/JavaVirtualMachines/jdk1.8.0_144.jdk/Contents/Home/jre/lib/libverify.dylib
0x000000010442b000 	/Library/Java/JavaVirtualMachines/jdk1.8.0_144.jdk/Contents/Home/jre/lib/libjava.dylib
0x000000010446a000 	/Library/Java/JavaVirtualMachines/jdk1.8.0_144.jdk/Contents/Home/jre/lib/libzip.dylib
0x00000001045e6000 	/System/Library/Frameworks/JavaVM.framework/Frameworks/JavaRuntimeSupport.framework/JavaRuntimeSupport
0x000000010c599000 	/System/Library/Frameworks/JavaVM.framework/Versions/A/Frameworks/JavaNativeFoundation.framework/Versions/A/JavaNativeFoundation
0x000000010c5ae000 	/System/Library/Frameworks/JavaVM.framework/Versions/A/JavaVM
0x0000000031557000 	/System/Library/Frameworks/Carbon.framework/Versions/A/Carbon
0x000000010c5bb000 	/System/Library/PrivateFrameworks/JavaLaunching.framework/Versions/A/JavaLaunching
0x0000000031557000 	/System/Library/Frameworks/Carbon.framework/Versions/A/Frameworks/CommonPanels.framework/Versions/A/CommonPanels
0x0000000031557000 	/System/Library/Frameworks/Carbon.framework/Versions/A/Frameworks/Help.framework/Versions/A/Help
0x0000000031557000 	/System/Library/Frameworks/Carbon.framework/Versions/A/Frameworks/ImageCapture.framework/Versions/A/ImageCapture
0x0000000031557000 	/System/Library/Frameworks/Carbon.framework/Versions/A/Frameworks/OpenScripting.framework/Versions/A/OpenScripting
0x0000000031557000 	/System/Library/Frameworks/Carbon.framework/Versions/A/Frameworks/Print.framework/Versions/A/Print
0x0000000031557000 	/System/Library/Frameworks/Carbon.framework/Versions/A/Frameworks/SecurityHI.framework/Versions/A/SecurityHI
0x000000010c6e4000 	/Library/Java/JavaVirtualMachines/jdk1.8.0_144.jdk/Contents/Home/jre/lib/libprism_es2.dylib
0x000000010c74a000 	/System/Library/Frameworks/OpenGL.framework/Resources/GLEngine.bundle/GLEngine
0x0000000031557000 	/System/Library/Frameworks/OpenGL.framework/Versions/A/Libraries/libGLProgrammability.dylib
0x0000000031557000 	/System/Library/PrivateFrameworks/GPUSupport.framework/Versions/A/Libraries/libGPUSupportMercury.dylib
0x000000010c92f000 	/System/Library/Frameworks/OpenGL.framework/Resources//GLRendererFloat.bundle/GLRendererFloat
0x0000000031557000 	/System/Library/Frameworks/OpenCL.framework/Versions/A/Libraries/libcldcpuengine.dylib
0x0000000031557000 	/usr/lib/libcrypto.0.9.8.dylib
0x0000000031557000 	/System/Library/PrivateFrameworks/TrustEvaluationAgent.framework/Versions/A/TrustEvaluationAgent

VM Arguments:
jvm_args: -Dfile.encoding=UTF-8 
java_command: csg.CourseSiteGeneratorApp
java_class_path (initial): /Users/spencernisonoff/Documents/StonyBrook/CSE219/HW4/hw2_solution/CS3LearningSuite_v2.0/libs/javax.json-1.0.4.jar:/Users/spencernisonoff/Documents/StonyBrook/CSE219/HW4/hw2_solution/CS3LearningSuite_v2.0/libs/DesktopJavaFramework/build/classes:/Users/spencernisonoff/Documents/StonyBrook/CSE219/HW4/hw2_solution/CS3LearningSuite_v2.0/libs/jTPS/build/classes:/Users/spencernisonoff/Documents/StonyBrook/CSE219/HW4/hw2_solution/CS3LearningSuite_v2.0/libs/PropertiesManager/build/classes:/Users/spencernisonoff/Documents/StonyBrook/CSE219/HW4/hw2_solution/CS3LearningSuite_v2.0/apps/CourseSiteGenerator/build/classes
Launcher Type: SUN_STANDARD

Environment Variables:
PATH=/usr/bin:/bin:/usr/sbin:/sbin
LD_LIBRARY_PATH=/Library/Java/JavaVirtualMachines/jdk1.8.0_144.jdk/Contents/Home/jre/lib/amd64:/Library/Java/JavaVirtualMachines/jdk1.8.0_144.jdk/Contents/Home/jre/lib/i386:
SHELL=/bin/bash

Signal Handlers:
SIGSEGV: [libjvm.dylib+0x5b26e5], sa_mask[0]=11111111011111110111111111111111, sa_flags=SA_ONSTACK|SA_RESTART|SA_SIGINFO
SIGBUS: [libjvm.dylib+0x5b26e5], sa_mask[0]=11111111011111110111111111111111, sa_flags=SA_RESTART|SA_SIGINFO
SIGFPE: [libjvm.dylib+0x489100], sa_mask[0]=11111111011111110111111111111111, sa_flags=SA_RESTART|SA_SIGINFO
SIGPIPE: [libjvm.dylib+0x489100], sa_mask[0]=11111111011111110111111111111111, sa_flags=SA_RESTART|SA_SIGINFO
SIGXFSZ: [libjvm.dylib+0x489100], sa_mask[0]=11111111011111110111111111111111, sa_flags=SA_RESTART|SA_SIGINFO
SIGILL: [libjvm.dylib+0x489100], sa_mask[0]=11111111011111110111111111111111, sa_flags=SA_RESTART|SA_SIGINFO
SIGUSR1: SIG_DFL, sa_mask[0]=00000000000000000000000000000000, sa_flags=none
SIGUSR2: [libjvm.dylib+0x488c1e], sa_mask[0]=00100000000000000000000000000000, sa_flags=SA_RESTART|SA_SIGINFO
SIGHUP: [libjvm.dylib+0x4871f5], sa_mask[0]=11111111011111110111111111111111, sa_flags=SA_RESTART|SA_SIGINFO
SIGINT: SIG_IGN, sa_mask[0]=00000000000000000000000000000000, sa_flags=none
SIGTERM: [libjvm.dylib+0x4871f5], sa_mask[0]=11111111011111110111111111111111, sa_flags=SA_RESTART|SA_SIGINFO
SIGQUIT: [libjvm.dylib+0x4871f5], sa_mask[0]=11111111011111110111111111111111, sa_flags=SA_RESTART|SA_SIGINFO


---------------  S Y S T E M  ---------------

OS:Bsduname:Darwin 16.7.0 Darwin Kernel Version 16.7.0: Thu Jun 21 20:07:39 PDT 2018; root:xnu-3789.73.14~1/RELEASE_X86_64 x86_64
rlimit: STACK 8192k, CORE 0k, NPROC 709, NOFILE 10240, AS infinity
load average:1.29 1.63 2.24

CPU:total 4 (initial active 4) (2 cores per cpu, 2 threads per core) family 6 model 142 stepping 9, cmov, cx8, fxsr, mmx, sse, sse2, sse3, ssse3, sse4.1, sse4.2, popcnt, avx, avx2, aes, clmul, erms, rtm, 3dnowpref, lzcnt, ht, tsc, tscinvbit, bmi1, bmi2, adx

Memory: 4k page, physical 8388608k(54636k free)

/proc/meminfo:


vm_info: Java HotSpot(TM) 64-Bit Server VM (25.144-b01) for bsd-amd64 JRE (1.8.0_144-b01), built on Jul 21 2017 22:07:42 by "java_re" with gcc 4.2.1 (Based on Apple Inc. build 5658) (LLVM build 2336.11.00)

time: Tue Nov 13 15:00:27 2018
elapsed time: 15 seconds (0d 0h 0m 15s)

